<?xml version="1.0" encoding="UTF-8"?>
<!-- Generated by org.testng.reporters.JUnitXMLReporter -->
<testsuite hostname="PG014UCR" name="New Computer Addition" tests="21" failures="0" timestamp="10 Sep 2018 16:26:13 GMT" time="376.711" errors="0">
  <testcase name="TC_01_02_03_Verify_New_Computer_Addition_With_Valid_Data" time="8.004" classname="com.backbase.CreateNewComputerTestCases.Add_New_Computer_Functionality_TestCases"/>
  <testcase name="TC_01_02_03_Verify_New_Computer_Addition_With_Valid_Data" time="6.295" classname="com.backbase.CreateNewComputerTestCases.Add_New_Computer_Functionality_TestCases"/>
  <testcase name="TC_01_02_03_Verify_New_Computer_Addition_With_Valid_Data" time="7.964" classname="com.backbase.CreateNewComputerTestCases.Add_New_Computer_Functionality_TestCases"/>
  <testcase name="TC_004_New_Computer_Addition_New_Computer_Name_Mandatory_Field_Verification" time="6.706" classname="com.backbase.CreateNewComputerTestCases.Add_New_Computer_Functionality_TestCases"/>
  <testcase name="TC_005_New_Computer_Addition_New_Computer_Invalid_Introduced_Date_Format_Verification_Case1" time="6.31" classname="com.backbase.CreateNewComputerTestCases.Add_New_Computer_Functionality_TestCases"/>
  <testcase name="TC_006_New_Computer_Addition_New_Computer_Invalid_Introduced_Date_Format_Verification_Case2" time="6.684" classname="com.backbase.CreateNewComputerTestCases.Add_New_Computer_Functionality_TestCases"/>
  <testcase name="TC_007_New_Computer_Addition_New_Computer_Text_Data_In_Introduced_Date_Format_Verification" time="5.317" classname="com.backbase.CreateNewComputerTestCases.Add_New_Computer_Functionality_TestCases"/>
  <testcase name="TC_008_New_Computer_Addition_New_Computer_Invalid_Discontinued_Date_Format_Verification_Case1" time="5.395" classname="com.backbase.CreateNewComputerTestCases.Add_New_Computer_Functionality_TestCases"/>
  <testcase name="TC_009_New_Computer_Addition_New_Computer_Invalid_Discontiuned_Date_Format_Verification_Case2" time="5.499" classname="com.backbase.CreateNewComputerTestCases.Add_New_Computer_Functionality_TestCases"/>
  <testcase name="TC_010_New_Computer_Addition_New_Computer_Text_Data_In_Discontinued_Date_Format_Verification" time="5.128" classname="com.backbase.CreateNewComputerTestCases.Add_New_Computer_Functionality_TestCases"/>
  <testcase name="TC_011_New_Computer_Addition_New_Computer_Discontinued_Date_Less_than_Introduced_Date_Verification" time="6.064" classname="com.backbase.CreateNewComputerTestCases.Add_New_Computer_Functionality_TestCases"/>
  <testcase name="TC_012_New_Computer_Addition_New_Computer_Leap_And_Non_Leap_Years_Date_Validation" time="5.693" classname="com.backbase.CreateNewComputerTestCases.Add_New_Computer_Functionality_TestCases"/>
  <testcase name="TC_013_Verify_New_Computer_Addition_With_Leap_Years" time="5.486" classname="com.backbase.CreateNewComputerTestCases.Add_New_Computer_Functionality_TestCases"/>
  <testcase name="TC_014_Verify_New_Computer_Addition_With_Incorrect_Month_Ending_Dates" time="5.513" classname="com.backbase.CreateNewComputerTestCases.Add_New_Computer_Functionality_TestCases"/>
  <testcase name="TC_015_New_Computer_Addition_Click_Cancel_Btn_Verification" time="7.221" classname="com.backbase.CreateNewComputerTestCases.Add_New_Computer_Functionality_TestCases"/>
  <testcase name="TC_016_New_Computer_Addition_Click_Sample_Application_Link_Displays_Home_Page_Verification" time="2.823" classname="com.backbase.CreateNewComputerTestCases.Add_New_Computer_Functionality_TestCases"/>
  <testcase name="TC_01_Verify_Existing_Computer_Details" time="1.055" classname="com.backbase.ExistingComputerTestCases.Read_Existing_Computer_Functionality_TestCases"/>
  <testcase name="TC_02_Verify_Non_Existing_Computer_Search" time="0.968" classname="com.backbase.ExistingComputerTestCases.Read_Existing_Computer_Functionality_TestCases"/>
  <testcase name="TC_03_Verify_Existing_Computer_Details_Update_Page" time="3.857" classname="com.backbase.ExistingComputerTestCases.Read_Existing_Computer_Functionality_TestCases"/>
  <testcase name="TC_01_Delete_Existing_Compuer" time="6.874" classname="com.backbase.DeleteComputerTestCases.Delete_Computer_Functionality_TestCases"/>
  <testcase name="TC_01_Update_Existing_Computer_Details" time="9.61" classname="com.backbase.UpdateComputerTestCases.Update_Computer_Functionality_TestCases"/>
</testsuite> <!-- New Computer Addition -->
